{"/Users/Machinazo/Desktop/bootcamp/proyectos/semana_7/challenge_1/src/database/index.js": {"path":"/Users/Machinazo/Desktop/bootcamp/proyectos/semana_7/challenge_1/src/database/index.js","statementMap":{"0":{"start":{"line":1,"column":14},"end":{"line":1,"column":49}},"1":{"start":{"line":2,"column":17},"end":{"line":2,"column":36}},"2":{"start":{"line":4,"column":26},"end":{"line":14,"column":4}},"3":{"start":{"line":5,"column":2},"end":{"line":14,"column":4}},"4":{"start":{"line":6,"column":4},"end":{"line":13,"column":7}},"5":{"start":{"line":7,"column":6},"end":{"line":10,"column":7}},"6":{"start":{"line":8,"column":8},"end":{"line":8,"column":76}},"7":{"start":{"line":9,"column":8},"end":{"line":9,"column":15}},"8":{"start":{"line":11,"column":6},"end":{"line":11,"column":43}},"9":{"start":{"line":12,"column":6},"end":{"line":12,"column":16}},"10":{"start":{"line":16,"column":0},"end":{"line":16,"column":35}}},"fnMap":{"0":{"name":"(anonymous_0)","decl":{"start":{"line":4,"column":26},"end":{"line":4,"column":27}},"loc":{"start":{"line":5,"column":2},"end":{"line":14,"column":4}},"line":5},"1":{"name":"(anonymous_1)","decl":{"start":{"line":5,"column":14},"end":{"line":5,"column":15}},"loc":{"start":{"line":5,"column":35},"end":{"line":14,"column":3}},"line":5},"2":{"name":"(anonymous_2)","decl":{"start":{"line":6,"column":39},"end":{"line":6,"column":40}},"loc":{"start":{"line":6,"column":50},"end":{"line":13,"column":5}},"line":6}},"branchMap":{"0":{"loc":{"start":{"line":7,"column":6},"end":{"line":10,"column":7}},"type":"if","locations":[{"start":{"line":7,"column":6},"end":{"line":10,"column":7}},{"start":{},"end":{}}],"line":7}},"s":{"0":2,"1":2,"2":2,"3":2,"4":2,"5":2,"6":0,"7":0,"8":2,"9":2,"10":2},"f":{"0":2,"1":2,"2":2},"b":{"0":[0,2]},"_coverageSchema":"1a1c01bbd47fc00a2c39e90264f33305004495a9","hash":"96469474f5c6bb755674f15371bfb4592367562e"}
,"/Users/Machinazo/Desktop/bootcamp/proyectos/semana_7/challenge_1/src/database/models/Serie.js": {"path":"/Users/Machinazo/Desktop/bootcamp/proyectos/semana_7/challenge_1/src/database/models/Serie.js","statementMap":{"0":{"start":{"line":1,"column":26},"end":{"line":1,"column":45}},"1":{"start":{"line":3,"column":20},"end":{"line":12,"column":2}},"2":{"start":{"line":14,"column":14},"end":{"line":14,"column":51}},"3":{"start":{"line":16,"column":0},"end":{"line":16,"column":23}}},"fnMap":{},"branchMap":{},"s":{"0":3,"1":3,"2":3,"3":3},"f":{},"b":{},"_coverageSchema":"1a1c01bbd47fc00a2c39e90264f33305004495a9","hash":"8521e867b57993862a08b24b413b5095e87457ae"}
,"/Users/Machinazo/Desktop/bootcamp/proyectos/semana_7/challenge_1/src/database/models/User.js": {"path":"/Users/Machinazo/Desktop/bootcamp/proyectos/semana_7/challenge_1/src/database/models/User.js","statementMap":{"0":{"start":{"line":1,"column":26},"end":{"line":1,"column":45}},"1":{"start":{"line":3,"column":19},"end":{"line":23,"column":2}},"2":{"start":{"line":25,"column":13},"end":{"line":25,"column":47}},"3":{"start":{"line":27,"column":0},"end":{"line":27,"column":22}}},"fnMap":{},"branchMap":{},"s":{"0":3,"1":3,"2":3,"3":3},"f":{},"b":{},"_coverageSchema":"1a1c01bbd47fc00a2c39e90264f33305004495a9","hash":"4158ed101137af25ffc22b2c7c223fab5880c849"}
,"/Users/Machinazo/Desktop/bootcamp/proyectos/semana_7/challenge_1/src/server/index.js": {"path":"/Users/Machinazo/Desktop/bootcamp/proyectos/semana_7/challenge_1/src/server/index.js","statementMap":{"0":{"start":{"line":1,"column":0},"end":{"line":1,"column":27}},"1":{"start":{"line":2,"column":16},"end":{"line":2,"column":34}},"2":{"start":{"line":3,"column":15},"end":{"line":3,"column":32}},"3":{"start":{"line":4,"column":15},"end":{"line":4,"column":32}},"4":{"start":{"line":5,"column":40},"end":{"line":5,"column":71}},"5":{"start":{"line":6,"column":21},"end":{"line":6,"column":54}},"6":{"start":{"line":7,"column":20},"end":{"line":7,"column":52}},"7":{"start":{"line":9,"column":12},"end":{"line":9,"column":21}},"8":{"start":{"line":10,"column":0},"end":{"line":10,"column":23}},"9":{"start":{"line":11,"column":0},"end":{"line":11,"column":24}},"10":{"start":{"line":12,"column":0},"end":{"line":12,"column":18}},"11":{"start":{"line":14,"column":0},"end":{"line":14,"column":31}},"12":{"start":{"line":15,"column":0},"end":{"line":15,"column":33}},"13":{"start":{"line":17,"column":0},"end":{"line":17,"column":23}},"14":{"start":{"line":18,"column":0},"end":{"line":18,"column":22}},"15":{"start":{"line":20,"column":0},"end":{"line":20,"column":21}}},"fnMap":{},"branchMap":{},"s":{"0":2,"1":2,"2":2,"3":2,"4":2,"5":2,"6":2,"7":2,"8":2,"9":2,"10":2,"11":2,"12":2,"13":2,"14":2,"15":2},"f":{},"b":{},"_coverageSchema":"1a1c01bbd47fc00a2c39e90264f33305004495a9","hash":"b6e5c63641aa845dc9f9b6a34e925c5fb39415e2"}
,"/Users/Machinazo/Desktop/bootcamp/proyectos/semana_7/challenge_1/src/server/controllers/seriesControllers.js": {"path":"/Users/Machinazo/Desktop/bootcamp/proyectos/semana_7/challenge_1/src/server/controllers/seriesControllers.js","statementMap":{"0":{"start":{"line":1,"column":14},"end":{"line":1,"column":52}},"1":{"start":{"line":3,"column":21},"end":{"line":6,"column":1}},"2":{"start":{"line":4,"column":17},"end":{"line":4,"column":35}},"3":{"start":{"line":5,"column":2},"end":{"line":5,"column":23}},"4":{"start":{"line":8,"column":0},"end":{"line":8,"column":30}}},"fnMap":{"0":{"name":"(anonymous_0)","decl":{"start":{"line":3,"column":21},"end":{"line":3,"column":22}},"loc":{"start":{"line":3,"column":41},"end":{"line":6,"column":1}},"line":3}},"branchMap":{},"s":{"0":3,"1":3,"2":2,"3":2,"4":3},"f":{"0":2},"b":{},"_coverageSchema":"1a1c01bbd47fc00a2c39e90264f33305004495a9","hash":"c525f1df6c776de69c177939efc824187e210c9e"}
,"/Users/Machinazo/Desktop/bootcamp/proyectos/semana_7/challenge_1/src/server/controllers/usersController.js": {"path":"/Users/Machinazo/Desktop/bootcamp/proyectos/semana_7/challenge_1/src/server/controllers/usersController.js","statementMap":{"0":{"start":{"line":1,"column":0},"end":{"line":1,"column":27}},"1":{"start":{"line":3,"column":15},"end":{"line":3,"column":32}},"2":{"start":{"line":4,"column":21},"end":{"line":4,"column":44}},"3":{"start":{"line":5,"column":13},"end":{"line":5,"column":50}},"4":{"start":{"line":6,"column":24},"end":{"line":6,"column":59}},"5":{"start":{"line":8,"column":14},"end":{"line":31,"column":1}},"6":{"start":{"line":9,"column":33},"end":{"line":9,"column":41}},"7":{"start":{"line":10,"column":15},"end":{"line":10,"column":47}},"8":{"start":{"line":12,"column":2},"end":{"line":30,"column":3}},"9":{"start":{"line":13,"column":18},"end":{"line":13,"column":61}},"10":{"start":{"line":14,"column":4},"end":{"line":14,"column":21}},"11":{"start":{"line":15,"column":4},"end":{"line":15,"column":16}},"12":{"start":{"line":17,"column":21},"end":{"line":20,"column":5}},"13":{"start":{"line":21,"column":26},"end":{"line":21,"column":71}},"14":{"start":{"line":22,"column":4},"end":{"line":29,"column":5}},"15":{"start":{"line":23,"column":20},"end":{"line":23,"column":63}},"16":{"start":{"line":24,"column":6},"end":{"line":24,"column":23}},"17":{"start":{"line":25,"column":6},"end":{"line":25,"column":18}},"18":{"start":{"line":27,"column":20},"end":{"line":27,"column":67}},"19":{"start":{"line":28,"column":6},"end":{"line":28,"column":26}},"20":{"start":{"line":33,"column":21},"end":{"line":49,"column":1}},"21":{"start":{"line":34,"column":15},"end":{"line":34,"column":23}},"22":{"start":{"line":35,"column":33},"end":{"line":35,"column":37}},"23":{"start":{"line":37,"column":23},"end":{"line":37,"column":55}},"24":{"start":{"line":39,"column":2},"end":{"line":48,"column":3}},"25":{"start":{"line":40,"column":30},"end":{"line":40,"column":61}},"26":{"start":{"line":41,"column":4},"end":{"line":41,"column":38}},"27":{"start":{"line":42,"column":24},"end":{"line":42,"column":47}},"28":{"start":{"line":43,"column":4},"end":{"line":43,"column":26}},"29":{"start":{"line":45,"column":18},"end":{"line":45,"column":59}},"30":{"start":{"line":46,"column":4},"end":{"line":46,"column":21}},"31":{"start":{"line":47,"column":4},"end":{"line":47,"column":16}},"32":{"start":{"line":51,"column":0},"end":{"line":51,"column":41}}},"fnMap":{"0":{"name":"(anonymous_0)","decl":{"start":{"line":8,"column":14},"end":{"line":8,"column":15}},"loc":{"start":{"line":8,"column":40},"end":{"line":31,"column":1}},"line":8},"1":{"name":"(anonymous_1)","decl":{"start":{"line":33,"column":21},"end":{"line":33,"column":22}},"loc":{"start":{"line":33,"column":47},"end":{"line":49,"column":1}},"line":33}},"branchMap":{"0":{"loc":{"start":{"line":12,"column":2},"end":{"line":30,"column":3}},"type":"if","locations":[{"start":{"line":12,"column":2},"end":{"line":30,"column":3}},{"start":{"line":16,"column":9},"end":{"line":30,"column":3}}],"line":12},"1":{"loc":{"start":{"line":22,"column":4},"end":{"line":29,"column":5}},"type":"if","locations":[{"start":{"line":22,"column":4},"end":{"line":29,"column":5}},{"start":{"line":26,"column":11},"end":{"line":29,"column":5}}],"line":22},"2":{"loc":{"start":{"line":39,"column":2},"end":{"line":48,"column":3}},"type":"if","locations":[{"start":{"line":39,"column":2},"end":{"line":48,"column":3}},{"start":{"line":44,"column":9},"end":{"line":48,"column":3}}],"line":39}},"s":{"0":3,"1":3,"2":3,"3":3,"4":3,"5":3,"6":6,"7":6,"8":6,"9":2,"10":2,"11":2,"12":4,"13":4,"14":4,"15":2,"16":2,"17":2,"18":2,"19":2,"20":3,"21":2,"22":2,"23":2,"24":2,"25":1,"26":1,"27":1,"28":1,"29":1,"30":1,"31":1,"32":3},"f":{"0":6,"1":2},"b":{"0":[2,4],"1":[2,2],"2":[1,1]},"_coverageSchema":"1a1c01bbd47fc00a2c39e90264f33305004495a9","hash":"4ccfc9a2e7629bd697ca005ff07e4a8d408bf0ee"}
,"/Users/Machinazo/Desktop/bootcamp/proyectos/semana_7/challenge_1/src/server/middlewares/errors.js": {"path":"/Users/Machinazo/Desktop/bootcamp/proyectos/semana_7/challenge_1/src/server/middlewares/errors.js","statementMap":{"0":{"start":{"line":1,"column":22},"end":{"line":4,"column":1}},"1":{"start":{"line":2,"column":2},"end":{"line":2,"column":18}},"2":{"start":{"line":3,"column":2},"end":{"line":3,"column":59}},"3":{"start":{"line":7,"column":21},"end":{"line":12,"column":1}},"4":{"start":{"line":8,"column":20},"end":{"line":8,"column":35}},"5":{"start":{"line":9,"column":23},"end":{"line":9,"column":63}},"6":{"start":{"line":10,"column":2},"end":{"line":10,"column":24}},"7":{"start":{"line":11,"column":2},"end":{"line":11,"column":51}},"8":{"start":{"line":14,"column":0},"end":{"line":14,"column":49}}},"fnMap":{"0":{"name":"(anonymous_0)","decl":{"start":{"line":1,"column":22},"end":{"line":1,"column":23}},"loc":{"start":{"line":1,"column":36},"end":{"line":4,"column":1}},"line":1},"1":{"name":"(anonymous_1)","decl":{"start":{"line":7,"column":21},"end":{"line":7,"column":22}},"loc":{"start":{"line":7,"column":46},"end":{"line":12,"column":1}},"line":7}},"branchMap":{"0":{"loc":{"start":{"line":8,"column":20},"end":{"line":8,"column":35}},"type":"binary-expr","locations":[{"start":{"line":8,"column":20},"end":{"line":8,"column":28}},{"start":{"line":8,"column":32},"end":{"line":8,"column":35}}],"line":8},"1":{"loc":{"start":{"line":9,"column":23},"end":{"line":9,"column":63}},"type":"cond-expr","locations":[{"start":{"line":9,"column":34},"end":{"line":9,"column":45}},{"start":{"line":9,"column":48},"end":{"line":9,"column":63}}],"line":9}},"s":{"0":3,"1":1,"2":1,"3":3,"4":3,"5":3,"6":3,"7":3,"8":3},"f":{"0":1,"1":3},"b":{"0":[3,1],"1":[2,1]},"_coverageSchema":"1a1c01bbd47fc00a2c39e90264f33305004495a9","hash":"7b12d8da3421713844264e301481ba4be0f7fa9a"}
,"/Users/Machinazo/Desktop/bootcamp/proyectos/semana_7/challenge_1/src/server/routers/seriesRouter.js": {"path":"/Users/Machinazo/Desktop/bootcamp/proyectos/semana_7/challenge_1/src/server/routers/seriesRouter.js","statementMap":{"0":{"start":{"line":1,"column":16},"end":{"line":1,"column":34}},"1":{"start":{"line":3,"column":21},"end":{"line":3,"column":64}},"2":{"start":{"line":5,"column":21},"end":{"line":5,"column":37}},"3":{"start":{"line":7,"column":0},"end":{"line":7,"column":36}},"4":{"start":{"line":9,"column":0},"end":{"line":9,"column":30}}},"fnMap":{},"branchMap":{},"s":{"0":2,"1":2,"2":2,"3":2,"4":2},"f":{},"b":{},"_coverageSchema":"1a1c01bbd47fc00a2c39e90264f33305004495a9","hash":"cbb35d5889482bdbef9269eb1f1b1927338eca3c"}
,"/Users/Machinazo/Desktop/bootcamp/proyectos/semana_7/challenge_1/src/server/routers/usersRouter.js": {"path":"/Users/Machinazo/Desktop/bootcamp/proyectos/semana_7/challenge_1/src/server/routers/usersRouter.js","statementMap":{"0":{"start":{"line":1,"column":0},"end":{"line":1,"column":27}},"1":{"start":{"line":2,"column":16},"end":{"line":2,"column":34}},"2":{"start":{"line":3,"column":32},"end":{"line":3,"column":73}},"3":{"start":{"line":5,"column":15},"end":{"line":5,"column":31}},"4":{"start":{"line":7,"column":0},"end":{"line":7,"column":29}},"5":{"start":{"line":8,"column":0},"end":{"line":8,"column":39}},"6":{"start":{"line":10,"column":0},"end":{"line":10,"column":24}}},"fnMap":{},"branchMap":{},"s":{"0":2,"1":2,"2":2,"3":2,"4":2,"5":2,"6":2},"f":{},"b":{},"_coverageSchema":"1a1c01bbd47fc00a2c39e90264f33305004495a9","hash":"5a07f0c08bd27ad8804aeceb3384f10e6f4a1bb9"}
,"/Users/Machinazo/Desktop/bootcamp/proyectos/semana_7/challenge_1/src/server/utils/encryptPassword.js": {"path":"/Users/Machinazo/Desktop/bootcamp/proyectos/semana_7/challenge_1/src/server/utils/encryptPassword.js","statementMap":{"0":{"start":{"line":1,"column":15},"end":{"line":1,"column":32}},"1":{"start":{"line":3,"column":24},"end":{"line":6,"column":1}},"2":{"start":{"line":4,"column":28},"end":{"line":4,"column":59}},"3":{"start":{"line":5,"column":2},"end":{"line":5,"column":27}},"4":{"start":{"line":7,"column":0},"end":{"line":7,"column":33}}},"fnMap":{"0":{"name":"(anonymous_0)","decl":{"start":{"line":3,"column":24},"end":{"line":3,"column":25}},"loc":{"start":{"line":3,"column":44},"end":{"line":6,"column":1}},"line":3}},"branchMap":{},"s":{"0":3,"1":3,"2":1,"3":1,"4":3},"f":{"0":1},"b":{},"_coverageSchema":"1a1c01bbd47fc00a2c39e90264f33305004495a9","hash":"dc2b000a54d5ce7cdf73205cc2ea2fe14f106b3d"}
}
