TN:
SF:src/database/index.js
FN:4,(anonymous_0)
FN:5,(anonymous_1)
FN:6,(anonymous_2)
FNF:3
FNH:3
FNDA:2,(anonymous_0)
FNDA:2,(anonymous_1)
FNDA:2,(anonymous_2)
DA:1,2
DA:2,2
DA:4,2
DA:5,2
DA:6,2
DA:7,2
DA:8,0
DA:9,0
DA:11,2
DA:12,2
DA:16,2
LF:11
LH:9
BRDA:7,0,0,0
BRDA:7,0,1,2
BRF:2
BRH:1
end_of_record
TN:
SF:src/database/models/Serie.js
FNF:0
FNH:0
DA:1,3
DA:3,3
DA:14,3
DA:16,3
LF:4
LH:4
BRF:0
BRH:0
end_of_record
TN:
SF:src/database/models/User.js
FNF:0
FNH:0
DA:1,5
DA:3,5
DA:25,5
DA:27,5
LF:4
LH:4
BRF:0
BRH:0
end_of_record
TN:
SF:src/server/index.js
FNF:0
FNH:0
DA:1,2
DA:2,2
DA:3,2
DA:4,2
DA:5,2
DA:6,2
DA:7,2
DA:8,2
DA:10,2
DA:11,2
DA:12,2
DA:13,2
DA:15,2
DA:16,2
DA:18,2
DA:19,2
DA:21,2
LF:17
LH:17
BRF:0
BRH:0
end_of_record
TN:
SF:src/server/controllers/seriesControllers.js
FN:4,(anonymous_0)
FN:9,(anonymous_1)
FN:15,(anonymous_2)
FN:25,(anonymous_3)
FNF:4
FNH:3
FNDA:2,(anonymous_0)
FNDA:0,(anonymous_1)
FNDA:2,(anonymous_2)
FNDA:1,(anonymous_3)
DA:1,3
DA:2,3
DA:4,3
DA:5,2
DA:6,2
DA:9,3
DA:10,0
DA:11,0
DA:12,0
DA:15,3
DA:16,2
DA:17,2
DA:18,2
DA:19,2
DA:21,0
DA:25,3
DA:26,1
DA:27,1
DA:29,0
DA:30,0
DA:32,1
DA:35,1
DA:39,3
LF:23
LH:17
BRF:0
BRH:0
end_of_record
TN:
SF:src/server/controllers/usersController.js
FN:8,(anonymous_0)
FN:34,(anonymous_1)
FNF:2
FNH:2
FNDA:7,(anonymous_0)
FNDA:2,(anonymous_1)
DA:1,3
DA:3,3
DA:4,3
DA:5,3
DA:6,3
DA:8,3
DA:9,7
DA:10,7
DA:12,7
DA:13,2
DA:14,2
DA:15,2
DA:17,5
DA:21,5
DA:22,5
DA:23,2
DA:24,2
DA:25,2
DA:27,3
DA:29,3
DA:34,3
DA:35,2
DA:36,2
DA:38,2
DA:40,2
DA:41,1
DA:42,1
DA:43,1
DA:44,1
DA:46,1
DA:47,1
DA:48,1
DA:52,3
LF:33
LH:33
BRDA:12,0,0,2
BRDA:12,0,1,5
BRDA:22,1,0,2
BRDA:22,1,1,3
BRDA:40,2,0,1
BRDA:40,2,1,1
BRF:6
BRH:6
end_of_record
TN:
SF:src/server/middlewares/adminValidation.js
FN:3,(anonymous_0)
FNF:1
FNH:1
FNDA:3,(anonymous_0)
DA:1,3
DA:3,3
DA:4,3
DA:6,3
DA:8,3
DA:9,1
DA:10,1
DA:11,1
DA:13,2
DA:17,3
LF:10
LH:10
BRDA:8,0,0,1
BRDA:8,0,1,2
BRF:2
BRH:2
end_of_record
TN:
SF:src/server/middlewares/errors.js
FN:1,(anonymous_0)
FN:7,(anonymous_1)
FNF:2
FNH:2
FNDA:1,(anonymous_0)
FNDA:3,(anonymous_1)
DA:1,3
DA:2,1
DA:3,1
DA:7,3
DA:8,3
DA:9,3
DA:10,3
DA:11,3
DA:14,3
LF:9
LH:9
BRDA:8,0,0,3
BRDA:8,0,1,1
BRDA:9,1,0,2
BRDA:9,1,1,1
BRF:4
BRH:4
end_of_record
TN:
SF:src/server/middlewares/verifyToken.js
FN:5,(anonymous_0)
FNF:1
FNH:1
FNDA:5,(anonymous_0)
DA:1,3
DA:3,3
DA:5,3
DA:6,5
DA:7,5
DA:8,4
DA:10,4
DA:11,4
DA:12,4
DA:17,3
DA:19,3
DA:21,1
DA:22,1
DA:23,1
DA:27,1
DA:28,1
DA:29,1
DA:33,3
LF:18
LH:18
BRDA:7,0,0,4
BRDA:7,0,1,1
BRDA:10,1,0,4
BRDA:10,1,1,0
BRF:4
BRH:3
end_of_record
TN:
SF:src/server/routers/seriesRouter.js
FNF:0
FNH:0
DA:1,2
DA:7,2
DA:8,2
DA:10,2
DA:12,2
DA:13,2
DA:14,2
DA:15,2
DA:17,2
LF:9
LH:9
BRF:0
BRH:0
end_of_record
TN:
SF:src/server/routers/usersRouter.js
FNF:0
FNH:0
DA:1,2
DA:2,2
DA:3,2
DA:5,2
DA:7,2
DA:8,2
DA:10,2
LF:7
LH:7
BRF:0
BRH:0
end_of_record
TN:
SF:src/server/utils/encryptPassword.js
FN:3,(anonymous_0)
FNF:1
FNH:1
FNDA:1,(anonymous_0)
DA:1,3
DA:3,3
DA:4,1
DA:5,1
DA:7,3
LF:5
LH:5
BRF:0
BRH:0
end_of_record
